{"meta": {"version": "7.3.2", "timestamp": "2023-10-05T16:37:57.086928", "branch_coverage": false, "show_contexts": false}, "files": {"pyodmongo/__init__.py": {"executed_lines": [1, 2, 3, 4, 5, 6, 7], "summary": {"covered_lines": 7, "num_statements": 7, "percent_covered": 100.0, "percent_covered_display": "100", "missing_lines": 0, "excluded_lines": 0}, "missing_lines": [], "excluded_lines": []}, "pyodmongo/async_engine/engine.py": {"executed_lines": [1, 2, 3, 4, 5, 6, 7, 8, 9, 10, 11, 12, 13, 16, 19, 20, 21, 22, 25, 28, 29, 30, 31, 32, 33, 34, 38, 39, 40, 43, 51, 52, 53, 55, 56, 57, 58, 59, 60, 62, 68, 71, 74, 75, 78, 84, 90, 93, 96, 97, 100, 110, 116, 119, 122, 123, 124, 125, 126, 127, 134, 135, 136, 137, 138, 140, 141, 142, 144, 151, 154, 157, 158, 163, 164, 165, 166, 167, 168, 170, 180, 183, 186, 187, 192, 193, 194, 195, 196, 200, 201, 202, 203, 205, 206, 208, 213, 214], "summary": {"covered_lines": 98, "num_statements": 98, "percent_covered": 100.0, "percent_covered_display": "100", "missing_lines": 0, "excluded_lines": 0}, "missing_lines": [], "excluded_lines": []}, "pyodmongo/engine/engine.py": {"executed_lines": [1, 2, 3, 4, 5, 6, 7, 8, 9, 10, 11, 12, 15, 18, 19, 20, 21, 24, 27, 28, 29, 30, 31, 32, 33, 37, 38, 39, 42, 50, 51, 52, 54, 55, 56, 57, 58, 59, 61, 67, 70, 73, 74, 77, 83, 89, 92, 95, 96, 99, 109, 115, 118, 121, 122, 123, 124, 125, 126, 133, 134, 135, 136, 137, 139, 140, 141, 142, 143, 145, 152, 155, 158, 159, 164, 165, 166, 167, 168, 169, 171, 181, 184, 187, 188, 193, 194, 195, 196, 197, 201, 202, 203, 204, 206, 207, 209, 210, 212, 213], "summary": {"covered_lines": 100, "num_statements": 100, "percent_covered": 100.0, "percent_covered_display": "100", "missing_lines": 0, "excluded_lines": 0}, "missing_lines": [], "excluded_lines": []}, "pyodmongo/engine/utils.py": {"executed_lines": [1, 2, 3, 4, 7, 8, 9, 10, 11, 12, 13, 14, 15, 16, 17, 18, 19, 20, 21, 22, 23, 24, 26, 27, 29, 30, 31, 32, 33, 35, 36, 37, 38, 39, 41, 42, 43, 45, 47, 48, 51, 52, 53, 54, 55, 56, 58], "summary": {"covered_lines": 47, "num_statements": 47, "percent_covered": 100.0, "percent_covered_display": "100", "missing_lines": 0, "excluded_lines": 0}, "missing_lines": [], "excluded_lines": []}, "pyodmongo/models/db_field_info.py": {"executed_lines": [1, 2, 5, 6, 7, 8, 9, 10, 11, 12, 13], "summary": {"covered_lines": 11, "num_statements": 11, "percent_covered": 100.0, "percent_covered_display": "100", "missing_lines": 0, "excluded_lines": 0}, "missing_lines": [], "excluded_lines": []}, "pyodmongo/models/db_model.py": {"executed_lines": [1, 2, 3, 4, 5, 6, 13, 14, 15, 16, 17, 18, 20, 21, 22, 23, 25, 26, 27, 28, 29, 30, 31], "summary": {"covered_lines": 23, "num_statements": 23, "percent_covered": 100.0, "percent_covered_display": "100", "missing_lines": 0, "excluded_lines": 0}, "missing_lines": [], "excluded_lines": []}, "pyodmongo/models/fields.py": {"executed_lines": [1, 3, 4, 5, 7, 8, 10, 11, 14, 17, 112, 113, 118, 119, 127, 128, 136, 137, 146, 147, 155, 156, 161, 171, 180, 181, 183, 184, 186, 187, 193], "summary": {"covered_lines": 31, "num_statements": 48, "percent_covered": 64.58333333333333, "percent_covered_display": "65", "missing_lines": 17, "excluded_lines": 0}, "missing_lines": [114, 120, 124, 125, 129, 133, 134, 138, 148, 152, 153, 157, 162, 168, 169, 176, 188], "excluded_lines": []}, "pyodmongo/models/id_model.py": {"executed_lines": [1, 2, 3, 4, 5, 6, 7, 9, 12, 15, 16, 17, 18, 19, 20, 21, 22, 24, 25, 30, 31, 34], "summary": {"covered_lines": 22, "num_statements": 26, "percent_covered": 84.61538461538461, "percent_covered_display": "85", "missing_lines": 4, "excluded_lines": 0}, "missing_lines": [10, 26, 27, 28], "excluded_lines": []}, "pyodmongo/models/main.py": {"executed_lines": [1, 2, 3, 4, 7, 8, 9, 10], "summary": {"covered_lines": 8, "num_statements": 8, "percent_covered": 100.0, "percent_covered_display": "100", "missing_lines": 0, "excluded_lines": 0}, "missing_lines": [], "excluded_lines": []}, "pyodmongo/models/meta.py": {"executed_lines": [1, 2, 3, 14, 15, 16, 17, 18, 20, 21, 23, 24, 25, 26, 31, 35, 36, 41, 42, 43, 45, 51, 54, 64, 67, 68, 69, 94, 95, 101, 102, 103, 106, 124, 125, 130, 132, 134, 136, 139, 145, 148, 151, 154, 155, 180, 186, 192, 195, 196, 199, 200, 201, 203, 204, 205, 215, 216, 221, 224, 238, 239, 242, 243, 244, 252, 253, 257, 287, 289, 293, 294, 295, 296, 297, 302, 303, 327, 328, 329, 330, 335, 337, 344, 345, 346, 347, 348, 355, 356, 357, 358, 359, 360, 361, 362, 363, 364, 365, 369, 370, 371, 372, 375, 382, 386, 387, 390, 392, 396], "summary": {"covered_lines": 109, "num_statements": 146, "percent_covered": 74.65753424657534, "percent_covered_display": "75", "missing_lines": 37, "excluded_lines": 3}, "missing_lines": [46, 47, 107, 109, 111, 117, 118, 120, 122, 131, 149, 160, 163, 164, 165, 178, 193, 219, 254, 301, 304, 305, 306, 308, 311, 316, 321, 333, 334, 336, 338, 350, 380, 388, 389, 393, 394], "excluded_lines": [169, 174, 177]}, "pyodmongo/models/paginate.py": {"executed_lines": [1, 4, 5, 6, 7, 8], "summary": {"covered_lines": 6, "num_statements": 6, "percent_covered": 100.0, "percent_covered_display": "100", "missing_lines": 0, "excluded_lines": 0}, "missing_lines": [], "excluded_lines": []}, "pyodmongo/models/query_operators.py": {"executed_lines": [1, 2, 5, 6, 7, 8, 11, 12, 13, 16, 17], "summary": {"covered_lines": 11, "num_statements": 11, "percent_covered": 100.0, "percent_covered_display": "100", "missing_lines": 0, "excluded_lines": 0}, "missing_lines": [], "excluded_lines": []}, "pyodmongo/models/responses.py": {"executed_lines": [1, 2, 5, 6, 7, 8, 9, 12, 13, 14], "summary": {"covered_lines": 10, "num_statements": 10, "percent_covered": 100.0, "percent_covered_display": "100", "missing_lines": 0, "excluded_lines": 0}, "missing_lines": [], "excluded_lines": []}, "pyodmongo/queries/__init__.py": {"executed_lines": [1, 2, 3], "summary": {"covered_lines": 3, "num_statements": 3, "percent_covered": 100.0, "percent_covered_display": "100", "missing_lines": 0, "excluded_lines": 0}, "missing_lines": [], "excluded_lines": []}, "pyodmongo/queries/comparison_operators.py": {"executed_lines": [1, 2, 3, 4, 5, 8, 11, 12, 13, 14, 15, 16, 19, 20, 23, 24, 27, 28, 31, 32, 35, 36, 39, 40, 43, 44, 47, 48, 51, 52], "summary": {"covered_lines": 30, "num_statements": 30, "percent_covered": 100.0, "percent_covered_display": "100", "missing_lines": 0, "excluded_lines": 0}, "missing_lines": [], "excluded_lines": []}, "pyodmongo/queries/logical_operators.py": {"executed_lines": [1, 4, 5, 8, 9, 12, 13], "summary": {"covered_lines": 7, "num_statements": 7, "percent_covered": 100.0, "percent_covered_display": "100", "missing_lines": 0, "excluded_lines": 0}, "missing_lines": [], "excluded_lines": []}, "pyodmongo/queries/query_string.py": {"executed_lines": [1, 2, 3, 4, 5, 6, 9, 10, 11, 12, 13, 14, 15, 16, 19, 24, 25, 26, 27, 28, 29, 30, 31, 32, 33, 34, 35, 36, 37, 38, 39, 40, 41, 42, 43, 44, 47, 48, 49], "summary": {"covered_lines": 39, "num_statements": 39, "percent_covered": 100.0, "percent_covered_display": "100", "missing_lines": 0, "excluded_lines": 0}, "missing_lines": [], "excluded_lines": []}, "pyodmongo/services/aggregate_stages.py": {"executed_lines": [1, 4, 14, 15, 16, 17], "summary": {"covered_lines": 6, "num_statements": 6, "percent_covered": 100.0, "percent_covered_display": "100", "missing_lines": 0, "excluded_lines": 0}, "missing_lines": [], "excluded_lines": []}, "pyodmongo/services/model_init.py": {"executed_lines": [1, 2, 3, 4, 5, 6, 7, 10, 11, 12, 13, 14, 15, 16, 17, 20, 21, 22, 23, 26, 27, 28, 29, 30, 34, 36, 39, 40, 43, 44, 45, 46, 50, 51, 52, 53, 54, 55, 56, 57, 58, 59, 61, 62, 65, 66, 67, 68, 69, 70, 71, 72, 73, 74, 75, 76, 77, 78, 80, 81, 82, 83, 84, 85, 86, 87, 88, 98, 99, 100, 101, 102, 103, 104, 105, 106, 113, 114, 117, 118, 121, 122, 123, 124, 127, 128, 129, 130, 133, 134, 135, 138, 139, 140, 141, 142, 143, 146], "summary": {"covered_lines": 98, "num_statements": 98, "percent_covered": 100.0, "percent_covered_display": "100", "missing_lines": 0, "excluded_lines": 0}, "missing_lines": [], "excluded_lines": []}, "pyodmongo/services/query_operators.py": {"executed_lines": [1, 4, 5, 8, 9, 10, 11, 12, 13, 14, 16, 19], "summary": {"covered_lines": 12, "num_statements": 12, "percent_covered": 100.0, "percent_covered_display": "100", "missing_lines": 0, "excluded_lines": 0}, "missing_lines": [], "excluded_lines": []}, "pyodmongo/version.py": {"executed_lines": [1, 2, 3, 4, 7, 9, 16, 17], "summary": {"covered_lines": 8, "num_statements": 8, "percent_covered": 100.0, "percent_covered_display": "100", "missing_lines": 0, "excluded_lines": 0}, "missing_lines": [], "excluded_lines": []}}, "totals": {"covered_lines": 686, "num_statements": 744, "percent_covered": 92.20430107526882, "percent_covered_display": "92", "missing_lines": 58, "excluded_lines": 3}}